unity_project_for_vr_app/Library/Bee/Android/Prj/Mono2x/Gradle/unityLibrary/xrmanifest.androidlib/build/outputs/logs/manifest-merger-release-report.txt
-- Merging decision tree log ---
manifest
ADDED from unityLibrary/xrmanifest.androidlib/AndroidManifest.xml:2:1-7:12
INJECTED from unityLibrary/xrmanifest.androidlib/AndroidManifest.xml:2:1-7:12
INJECTED from unityLibrary/xrmanifest.androidlib/AndroidManifest.xml:2:1-7:12
	package
		ADDED from unityLibrary/xrmanifest.androidlib/AndroidManifest.xml:2:70-113
		INJECTED from unityLibrary/xrmanifest.androidlib/AndroidManifest.xml
		INJECTED from unityLibrary/xrmanifest.androidlib/AndroidManifest.xml
	xmlns:android
		ADDED from unityLibrary/xrmanifest.androidlib/AndroidManifest.xml:2:11-69
application
ADDED from unityLibrary/xrmanifest.androidlib/AndroidManifest.xml:3:3-6:17
activity#com.unity3d.player.UnityPlayerActivity
ADDED from unityLibrary/xrmanifest.androidlib/AndroidManifest.xml:4:5-5:16
	android:name
		ADDED from unityLibrary/xrmanifest.androidlib/AndroidManifest.xml:4:15-68
uses-sdk
INJECTED from unityLibrary/xrmanifest.androidlib/AndroidManifest.xml reason: use-sdk injection requested
INJECTED from unityLibrary/xrmanifest.androidlib/AndroidManifest.xml
INJECTED from unityLibrary/xrmanifest.androidlib/AndroidManifest.xml
INJECTED from unityLibrary/xrmanifest.androidlib/AndroidManifest.xml
INJECTED from unityLibrary/xrmanifest.androidlib/AndroidManifest.xml
	android:targetSdkVersion
		INJECTED from unityLibrary/xrmanifest.androidlib/AndroidManifest.xml
		ADDED from unityLibrary/xrmanifest.androidlib/AndroidManifest.xml
		INJECTED from unityLibrary/xrmanifest.androidlib/AndroidManifest.xml
	android:minSdkVersion
		INJECTED from unityLibrary/xrmanifest.androidlib/AndroidManifest.xml
		ADDED from unityLibrary/xrmanifest.androidlib/AndroidManifest.xml
		INJECTED from unityLibrary/xrmanifest.androidlib/AndroidManifest.xml